{"/Users/lvweipeng/Desktop/take_home/src/components/ui/button.tsx": {"path":"/Users/lvweipeng/Desktop/take_home/src/components/ui/button.tsx","statementMap":{"0":{"start":{"line":14,"column":15},"end":{"line":25,"column":null}},"1":{"start":{"line":16,"column":15},"end":{"line":16,"column":null}},"2":{"start":{"line":17,"column":2},"end":{"line":22,"column":null}},"3":{"start":{"line":26,"column":0},"end":{"line":26,"column":null}}},"fnMap":{"0":{"name":"(anonymous_0)","decl":{"start":{"line":14,"column":21},"end":{"line":14,"column":null}},"loc":{"start":{"line":15,"column":67},"end":{"line":25,"column":null}},"line":15}},"branchMap":{"0":{"loc":{"start":{"line":15,"column":30},"end":{"line":15,"column":47}},"type":"default-arg","locations":[{"start":{"line":15,"column":40},"end":{"line":15,"column":47}}],"line":15},"1":{"loc":{"start":{"line":16,"column":15},"end":{"line":16,"column":null}},"type":"cond-expr","locations":[{"start":{"line":16,"column":25},"end":{"line":16,"column":32}},{"start":{"line":16,"column":32},"end":{"line":16,"column":null}}],"line":16}},"s":{"0":1,"1":16,"2":16,"3":1},"f":{"0":16},"b":{"0":[16],"1":[1,15]},"meta":{"lastBranch":2,"lastFunction":1,"lastStatement":4,"seen":{"s:14:15:25:Infinity":0,"f:14:21:14:Infinity":0,"b:15:40:15:47":0,"s:16:15:16:Infinity":1,"b:16:25:16:32:16:32:16:Infinity":1,"s:17:2:22:Infinity":2,"s:26:0:26:Infinity":3}}}
,"/Users/lvweipeng/Desktop/take_home/src/components/ui/button.variants.ts": {"path":"/Users/lvweipeng/Desktop/take_home/src/components/ui/button.variants.ts","statementMap":{"0":{"start":{"line":3,"column":13},"end":{"line":29,"column":null}}},"fnMap":{},"branchMap":{},"s":{"0":1},"f":{},"b":{},"meta":{"lastBranch":0,"lastFunction":0,"lastStatement":1,"seen":{"s:3:13:29:Infinity":0}}}
,"/Users/lvweipeng/Desktop/take_home/src/lib/tailwindUtil.ts": {"path":"/Users/lvweipeng/Desktop/take_home/src/lib/tailwindUtil.ts","statementMap":{"0":{"start":{"line":5,"column":2},"end":{"line":5,"column":null}}},"fnMap":{},"branchMap":{},"s":{"0":16},"f":{},"b":{},"meta":{"lastBranch":0,"lastFunction":0,"lastStatement":1,"seen":{"s:5:2:5:Infinity":0}}}
,"/Users/lvweipeng/Desktop/take_home/src/services/partsManager.ts": {"path":"/Users/lvweipeng/Desktop/take_home/src/services/partsManager.ts","statementMap":{"0":{"start":{"line":16,"column":19},"end":{"line":16,"column":null}},"1":{"start":{"line":17,"column":22},"end":{"line":17,"column":null}},"2":{"start":{"line":26,"column":25},"end":{"line":26,"column":null}},"3":{"start":{"line":27,"column":18},"end":{"line":27,"column":41}},"4":{"start":{"line":28,"column":17},"end":{"line":28,"column":70}},"5":{"start":{"line":28,"column":47},"end":{"line":28,"column":69}},"6":{"start":{"line":31,"column":2},"end":{"line":33,"column":null}},"7":{"start":{"line":37,"column":18},"end":{"line":37,"column":null}},"8":{"start":{"line":39,"column":2},"end":{"line":39,"column":null}},"9":{"start":{"line":43,"column":17},"end":{"line":43,"column":42}},"10":{"start":{"line":44,"column":16},"end":{"line":44,"column":35}},"11":{"start":{"line":45,"column":18},"end":{"line":45,"column":null}},"12":{"start":{"line":48,"column":25},"end":{"line":53,"column":4}},"13":{"start":{"line":56,"column":2},"end":{"line":56,"column":null}},"14":{"start":{"line":62,"column":5},"end":{"line":62,"column":61}},"15":{"start":{"line":64,"column":1},"end":{"line":68,"column":null}},"16":{"start":{"line":79,"column":2},"end":{"line":79,"column":null}},"17":{"start":{"line":83,"column":18},"end":{"line":83,"column":null}},"18":{"start":{"line":85,"column":2},"end":{"line":85,"column":null}},"19":{"start":{"line":89,"column":17},"end":{"line":89,"column":null}},"20":{"start":{"line":90,"column":17},"end":{"line":90,"column":36}},"21":{"start":{"line":91,"column":18},"end":{"line":91,"column":null}},"22":{"start":{"line":94,"column":25},"end":{"line":99,"column":4}},"23":{"start":{"line":102,"column":2},"end":{"line":102,"column":null}},"24":{"start":{"line":108,"column":5},"end":{"line":108,"column":64}},"25":{"start":{"line":110,"column":1},"end":{"line":114,"column":null}},"26":{"start":{"line":123,"column":31},"end":{"line":134,"column":11}},"27":{"start":{"line":137,"column":2},"end":{"line":137,"column":null}},"28":{"start":{"line":140,"column":1},"end":{"line":140,"column":null}},"29":{"start":{"line":151,"column":13},"end":{"line":154,"column":44}},"30":{"start":{"line":158,"column":2},"end":{"line":158,"column":null}},"31":{"start":{"line":163,"column":2},"end":{"line":163,"column":null}},"32":{"start":{"line":168,"column":2},"end":{"line":168,"column":null}},"33":{"start":{"line":173,"column":2},"end":{"line":173,"column":null}},"34":{"start":{"line":176,"column":2},"end":{"line":176,"column":null}},"35":{"start":{"line":179,"column":25},"end":{"line":179,"column":null}},"36":{"start":{"line":182,"column":2},"end":{"line":182,"column":null}},"37":{"start":{"line":185,"column":1},"end":{"line":185,"column":null}},"38":{"start":{"line":194,"column":25},"end":{"line":199,"column":11}},"39":{"start":{"line":202,"column":2},"end":{"line":202,"column":null}},"40":{"start":{"line":205,"column":1},"end":{"line":205,"column":null}},"41":{"start":{"line":218,"column":31},"end":{"line":223,"column":11}},"42":{"start":{"line":226,"column":2},"end":{"line":226,"column":null}},"43":{"start":{"line":229,"column":1},"end":{"line":229,"column":null}},"44":{"start":{"line":237,"column":19},"end":{"line":240,"column":19}},"45":{"start":{"line":243,"column":2},"end":{"line":243,"column":null}},"46":{"start":{"line":254,"column":17},"end":{"line":254,"column":null}},"47":{"start":{"line":257,"column":5},"end":{"line":257,"column":60}},"48":{"start":{"line":262,"column":20},"end":{"line":262,"column":null}},"49":{"start":{"line":265,"column":6},"end":{"line":265,"column":66}},"50":{"start":{"line":266,"column":2},"end":{"line":266,"column":null}},"51":{"start":{"line":269,"column":1},"end":{"line":273,"column":null}},"52":{"start":{"line":282,"column":1},"end":{"line":282,"column":null}},"53":{"start":{"line":282,"column":40},"end":{"line":282,"column":61}},"54":{"start":{"line":300,"column":19},"end":{"line":300,"column":47}},"55":{"start":{"line":303,"column":44},"end":{"line":303,"column":null}},"56":{"start":{"line":305,"column":2},"end":{"line":305,"column":null}},"57":{"start":{"line":309,"column":14},"end":{"line":316,"column":3}},"58":{"start":{"line":319,"column":1},"end":{"line":319,"column":null}},"59":{"start":{"line":332,"column":35},"end":{"line":332,"column":71}},"60":{"start":{"line":335,"column":3},"end":{"line":339,"column":null}},"61":{"start":{"line":342,"column":26},"end":{"line":342,"column":69}},"62":{"start":{"line":342,"column":47},"end":{"line":342,"column":69}},"63":{"start":{"line":343,"column":29},"end":{"line":343,"column":75}},"64":{"start":{"line":343,"column":50},"end":{"line":343,"column":75}},"65":{"start":{"line":345,"column":2},"end":{"line":348,"column":null}},"66":{"start":{"line":350,"column":2},"end":{"line":354,"column":null}}},"fnMap":{"0":{"name":"(anonymous_0)","decl":{"start":{"line":28,"column":33},"end":{"line":28,"column":39}},"loc":{"start":{"line":28,"column":47},"end":{"line":28,"column":69}},"line":28},"1":{"name":"(anonymous_1)","decl":{"start":{"line":282,"column":26},"end":{"line":282,"column":31}},"loc":{"start":{"line":282,"column":40},"end":{"line":282,"column":61}},"line":282},"2":{"name":"(anonymous_2)","decl":{"start":{"line":342,"column":35},"end":{"line":342,"column":41}},"loc":{"start":{"line":342,"column":47},"end":{"line":342,"column":69}},"line":342},"3":{"name":"(anonymous_3)","decl":{"start":{"line":343,"column":38},"end":{"line":343,"column":44}},"loc":{"start":{"line":343,"column":50},"end":{"line":343,"column":75}},"line":343}},"branchMap":{"0":{"loc":{"start":{"line":89,"column":17},"end":{"line":89,"column":null}},"type":"binary-expr","locations":[{"start":{"line":89,"column":17},"end":{"line":89,"column":58}},{"start":{"line":89,"column":62},"end":{"line":89,"column":null}}],"line":89},"1":{"loc":{"start":{"line":131,"column":14},"end":{"line":131,"column":null}},"type":"binary-expr","locations":[{"start":{"line":131,"column":14},"end":{"line":131,"column":32}},{"start":{"line":131,"column":32},"end":{"line":131,"column":null}}],"line":131},"2":{"loc":{"start":{"line":149,"column":1},"end":{"line":149,"column":31}},"type":"default-arg","locations":[{"start":{"line":149,"column":29},"end":{"line":149,"column":31}}],"line":149},"3":{"loc":{"start":{"line":176,"column":56},"end":{"line":176,"column":77}},"type":"binary-expr","locations":[{"start":{"line":176,"column":56},"end":{"line":176,"column":73}},{"start":{"line":176,"column":73},"end":{"line":176,"column":77}}],"line":176},"4":{"loc":{"start":{"line":185,"column":8},"end":{"line":185,"column":18}},"type":"binary-expr","locations":[{"start":{"line":185,"column":8},"end":{"line":185,"column":16}},{"start":{"line":185,"column":16},"end":{"line":185,"column":18}}],"line":185},"5":{"loc":{"start":{"line":346,"column":15},"end":{"line":346,"column":null}},"type":"binary-expr","locations":[{"start":{"line":346,"column":15},"end":{"line":346,"column":34}},{"start":{"line":346,"column":34},"end":{"line":346,"column":null}}],"line":346},"6":{"loc":{"start":{"line":347,"column":18},"end":{"line":347,"column":null}},"type":"binary-expr","locations":[{"start":{"line":347,"column":18},"end":{"line":347,"column":40}},{"start":{"line":347,"column":40},"end":{"line":347,"column":null}}],"line":347},"7":{"loc":{"start":{"line":353,"column":10},"end":{"line":353,"column":null}},"type":"cond-expr","locations":[{"start":{"line":353,"column":35},"end":{"line":353,"column":51}},{"start":{"line":353,"column":51},"end":{"line":353,"column":null}}],"line":353}},"s":{"0":1,"1":1,"2":8,"3":8,"4":8,"5":15,"6":1,"7":7,"8":1,"9":6,"10":6,"11":6,"12":6,"13":1,"14":5,"15":5,"16":1,"17":3,"18":1,"19":2,"20":4,"21":4,"22":4,"23":0,"24":2,"25":2,"26":5,"27":1,"28":4,"29":3,"30":3,"31":1,"32":1,"33":0,"34":0,"35":3,"36":0,"37":3,"38":0,"39":0,"40":0,"41":0,"42":0,"43":0,"44":2,"45":1,"46":4,"47":4,"48":2,"49":2,"50":2,"51":4,"52":0,"53":0,"54":2,"55":2,"56":1,"57":2,"58":2,"59":3,"60":1,"61":2,"62":1,"63":3,"64":2,"65":3,"66":0},"f":{"0":15,"1":0,"2":1,"3":2},"b":{"0":[2,0],"1":[5,5],"2":[3],"3":[0,0],"4":[3,0],"5":[3,1],"6":[3,1],"7":[0,0]},"meta":{"lastBranch":8,"lastFunction":4,"lastStatement":67,"seen":{"s:16:19:16:Infinity":0,"s:17:22:17:Infinity":1,"s:26:25:26:Infinity":2,"s:27:18:27:41":3,"s:28:17:28:70":4,"f:28:33:28:39":0,"s:28:47:28:69":5,"s:31:2:33:Infinity":6,"s:37:18:37:Infinity":7,"s:39:2:39:Infinity":8,"s:43:17:43:42":9,"s:44:16:44:35":10,"s:45:18:45:Infinity":11,"s:48:25:53:4":12,"s:56:2:56:Infinity":13,"s:62:5:62:61":14,"s:64:1:68:Infinity":15,"s:79:2:79:Infinity":16,"s:83:18:83:Infinity":17,"s:85:2:85:Infinity":18,"s:89:17:89:Infinity":19,"b:89:17:89:58:89:62:89:Infinity":0,"s:90:17:90:36":20,"s:91:18:91:Infinity":21,"s:94:25:99:4":22,"s:102:2:102:Infinity":23,"s:108:5:108:64":24,"s:110:1:114:Infinity":25,"s:123:31:134:11":26,"b:131:14:131:32:131:32:131:Infinity":1,"s:137:2:137:Infinity":27,"s:140:1:140:Infinity":28,"b:149:29:149:31":2,"s:151:13:154:44":29,"s:158:2:158:Infinity":30,"s:163:2:163:Infinity":31,"s:168:2:168:Infinity":32,"s:173:2:173:Infinity":33,"s:176:2:176:Infinity":34,"b:176:56:176:73:176:73:176:77":3,"s:179:25:179:Infinity":35,"s:182:2:182:Infinity":36,"s:185:1:185:Infinity":37,"b:185:8:185:16:185:16:185:18":4,"s:194:25:199:11":38,"s:202:2:202:Infinity":39,"s:205:1:205:Infinity":40,"s:218:31:223:11":41,"s:226:2:226:Infinity":42,"s:229:1:229:Infinity":43,"s:237:19:240:19":44,"s:243:2:243:Infinity":45,"s:254:17:254:Infinity":46,"s:257:5:257:60":47,"s:262:20:262:Infinity":48,"s:265:6:265:66":49,"s:266:2:266:Infinity":50,"s:269:1:273:Infinity":51,"s:282:1:282:Infinity":52,"f:282:26:282:31":1,"s:282:40:282:61":53,"s:300:19:300:47":54,"s:303:44:303:Infinity":55,"s:305:2:305:Infinity":56,"s:309:14:316:3":57,"s:319:1:319:Infinity":58,"s:332:35:332:71":59,"s:335:3:339:Infinity":60,"s:342:26:342:69":61,"f:342:35:342:41":2,"s:342:47:342:69":62,"s:343:29:343:75":63,"f:343:38:343:44":3,"s:343:50:343:75":64,"s:345:2:348:Infinity":65,"b:346:15:346:34:346:34:346:Infinity":5,"b:347:18:347:40:347:40:347:Infinity":6,"s:350:2:354:Infinity":66,"b:353:35:353:51:353:51:353:Infinity":7}}}
,"/Users/lvweipeng/Desktop/take_home/src/services/sceneSerializer.ts": {"path":"/Users/lvweipeng/Desktop/take_home/src/services/sceneSerializer.ts","statementMap":{"0":{"start":{"line":20,"column":15},"end":{"line":20,"column":null}},"1":{"start":{"line":23,"column":2},"end":{"line":23,"column":null}},"2":{"start":{"line":26,"column":20},"end":{"line":26,"column":39}},"3":{"start":{"line":27,"column":18},"end":{"line":27,"column":51}},"4":{"start":{"line":29,"column":29},"end":{"line":29,"column":31}},"5":{"start":{"line":32,"column":21},"end":{"line":37,"column":3}},"6":{"start":{"line":43,"column":20},"end":{"line":43,"column":45}},"7":{"start":{"line":47,"column":4},"end":{"line":47,"column":null}},"8":{"start":{"line":48,"column":4},"end":{"line":48,"column":null}},"9":{"start":{"line":52,"column":18},"end":{"line":52,"column":45}},"10":{"start":{"line":55,"column":19},"end":{"line":55,"column":50}},"11":{"start":{"line":58,"column":20},"end":{"line":58,"column":45}},"12":{"start":{"line":61,"column":23},"end":{"line":61,"column":null}},"13":{"start":{"line":64,"column":20},"end":{"line":64,"column":45}},"14":{"start":{"line":65,"column":24},"end":{"line":65,"column":55}},"15":{"start":{"line":66,"column":20},"end":{"line":66,"column":71}},"16":{"start":{"line":68,"column":34},"end":{"line":75,"column":null}},"17":{"start":{"line":79,"column":4},"end":{"line":79,"column":null}},"18":{"start":{"line":82,"column":3},"end":{"line":82,"column":null}},"19":{"start":{"line":84,"column":3},"end":{"line":84,"column":null}},"20":{"start":{"line":86,"column":3},"end":{"line":86,"column":null}},"21":{"start":{"line":90,"column":29},"end":{"line":97,"column":null}},"22":{"start":{"line":99,"column":1},"end":{"line":99,"column":null}},"23":{"start":{"line":100,"column":1},"end":{"line":100,"column":null}},"24":{"start":{"line":115,"column":15},"end":{"line":115,"column":null}},"25":{"start":{"line":118,"column":2},"end":{"line":118,"column":null}},"26":{"start":{"line":121,"column":20},"end":{"line":121,"column":39}},"27":{"start":{"line":123,"column":1},"end":{"line":123,"column":null}},"28":{"start":{"line":129,"column":21},"end":{"line":134,"column":3}},"29":{"start":{"line":137,"column":22},"end":{"line":137,"column":78}},"30":{"start":{"line":142,"column":3},"end":{"line":142,"column":null}},"31":{"start":{"line":148,"column":4},"end":{"line":148,"column":null}},"32":{"start":{"line":151,"column":25},"end":{"line":151,"column":61}},"33":{"start":{"line":153,"column":5},"end":{"line":153,"column":null}},"34":{"start":{"line":156,"column":5},"end":{"line":156,"column":null}},"35":{"start":{"line":157,"column":5},"end":{"line":157,"column":null}},"36":{"start":{"line":162,"column":19},"end":{"line":164,"column":null}},"37":{"start":{"line":168,"column":4},"end":{"line":168,"column":null}},"38":{"start":{"line":169,"column":4},"end":{"line":169,"column":null}},"39":{"start":{"line":172,"column":18},"end":{"line":172,"column":null}},"40":{"start":{"line":175,"column":18},"end":{"line":175,"column":50}},"41":{"start":{"line":176,"column":3},"end":{"line":176,"column":null}},"42":{"start":{"line":178,"column":3},"end":{"line":178,"column":null}},"43":{"start":{"line":181,"column":3},"end":{"line":181,"column":null}},"44":{"start":{"line":184,"column":20},"end":{"line":184,"column":90}},"45":{"start":{"line":185,"column":3},"end":{"line":188,"column":null}},"46":{"start":{"line":190,"column":3},"end":{"line":190,"column":null}},"47":{"start":{"line":192,"column":3},"end":{"line":192,"column":null}},"48":{"start":{"line":198,"column":1},"end":{"line":200,"column":null}},"49":{"start":{"line":199,"column":2},"end":{"line":199,"column":null}},"50":{"start":{"line":202,"column":1},"end":{"line":202,"column":null}},"51":{"start":{"line":203,"column":1},"end":{"line":203,"column":null}},"52":{"start":{"line":216,"column":2},"end":{"line":216,"column":null}},"53":{"start":{"line":220,"column":18},"end":{"line":220,"column":null}},"54":{"start":{"line":224,"column":24},"end":{"line":224,"column":53}},"55":{"start":{"line":227,"column":1},"end":{"line":227,"column":null}}},"fnMap":{"0":{"name":"(anonymous_0)","decl":{"start":{"line":198,"column":1},"end":{"line":198,"column":18}},"loc":{"start":{"line":198,"column":18},"end":{"line":200,"column":8}},"line":198}},"branchMap":{"0":{"loc":{"start":{"line":66,"column":20},"end":{"line":66,"column":71}},"type":"binary-expr","locations":[{"start":{"line":66,"column":20},"end":{"line":66,"column":42}},{"start":{"line":66,"column":42},"end":{"line":66,"column":71}}],"line":66},"1":{"loc":{"start":{"line":167,"column":7},"end":{"line":167,"column":41}},"type":"binary-expr","locations":[{"start":{"line":167,"column":7},"end":{"line":167,"column":19}},{"start":{"line":167,"column":19},"end":{"line":167,"column":41}}],"line":167},"2":{"loc":{"start":{"line":184,"column":20},"end":{"line":184,"column":90}},"type":"binary-expr","locations":[{"start":{"line":184,"column":20},"end":{"line":184,"column":37}},{"start":{"line":184,"column":37},"end":{"line":184,"column":90}}],"line":184},"3":{"loc":{"start":{"line":186,"column":12},"end":{"line":186,"column":null}},"type":"binary-expr","locations":[{"start":{"line":186,"column":12},"end":{"line":186,"column":27}},{"start":{"line":186,"column":27},"end":{"line":186,"column":null}}],"line":186},"4":{"loc":{"start":{"line":220,"column":18},"end":{"line":220,"column":null}},"type":"binary-expr","locations":[{"start":{"line":220,"column":18},"end":{"line":220,"column":43}},{"start":{"line":220,"column":47},"end":{"line":220,"column":null}}],"line":220},"5":{"loc":{"start":{"line":227,"column":8},"end":{"line":227,"column":null}},"type":"cond-expr","locations":[{"start":{"line":227,"column":42},"end":{"line":227,"column":59}},{"start":{"line":227,"column":59},"end":{"line":227,"column":null}}],"line":227}},"s":{"0":16,"1":1,"2":15,"3":15,"4":15,"5":15,"6":45,"7":3,"8":3,"9":42,"10":42,"11":42,"12":42,"13":42,"14":45,"15":45,"16":45,"17":31,"18":42,"19":42,"20":0,"21":15,"22":15,"23":15,"24":17,"25":1,"26":16,"27":16,"28":16,"29":16,"30":37,"31":36,"32":1,"33":1,"34":0,"35":0,"36":37,"37":0,"38":0,"39":35,"40":35,"41":35,"42":35,"43":35,"44":35,"45":37,"46":37,"47":2,"48":16,"49":0,"50":16,"51":16,"52":0,"53":42,"54":42,"55":42},"f":{"0":0},"b":{"0":[45,11],"1":[35,35],"2":[35,0],"3":[37,1],"4":[42,0],"5":[0,42]},"meta":{"lastBranch":6,"lastFunction":1,"lastStatement":56,"seen":{"s:20:15:20:Infinity":0,"s:23:2:23:Infinity":1,"s:26:20:26:39":2,"s:27:18:27:51":3,"s:29:29:29:31":4,"s:32:21:37:3":5,"s:43:20:43:45":6,"s:47:4:47:Infinity":7,"s:48:4:48:Infinity":8,"s:52:18:52:45":9,"s:55:19:55:50":10,"s:58:20:58:45":11,"s:61:23:61:Infinity":12,"s:64:20:64:45":13,"s:65:24:65:55":14,"s:66:20:66:71":15,"b:66:20:66:42:66:42:66:71":0,"s:68:34:75:Infinity":16,"s:79:4:79:Infinity":17,"s:82:3:82:Infinity":18,"s:84:3:84:Infinity":19,"s:86:3:86:Infinity":20,"s:90:29:97:Infinity":21,"s:99:1:99:Infinity":22,"s:100:1:100:Infinity":23,"s:115:15:115:Infinity":24,"s:118:2:118:Infinity":25,"s:121:20:121:39":26,"s:123:1:123:Infinity":27,"s:129:21:134:3":28,"s:137:22:137:78":29,"s:142:3:142:Infinity":30,"s:148:4:148:Infinity":31,"s:151:25:151:61":32,"s:153:5:153:Infinity":33,"s:156:5:156:Infinity":34,"s:157:5:157:Infinity":35,"s:162:19:164:Infinity":36,"b:167:7:167:19:167:19:167:41":1,"s:168:4:168:Infinity":37,"s:169:4:169:Infinity":38,"s:172:18:172:Infinity":39,"s:175:18:175:50":40,"s:176:3:176:Infinity":41,"s:178:3:178:Infinity":42,"s:181:3:181:Infinity":43,"s:184:20:184:90":44,"b:184:20:184:37:184:37:184:90":2,"s:185:3:188:Infinity":45,"b:186:12:186:27:186:27:186:Infinity":3,"s:190:3:190:Infinity":46,"s:192:3:192:Infinity":47,"s:198:1:200:Infinity":48,"f:198:1:198:18":0,"s:199:2:199:Infinity":49,"s:202:1:202:Infinity":50,"s:203:1:203:Infinity":51,"s:216:2:216:Infinity":52,"s:220:18:220:Infinity":53,"b:220:18:220:43:220:47:220:Infinity":4,"s:224:24:224:53":54,"s:227:1:227:Infinity":55,"b:227:42:227:59:227:59:227:Infinity":5}}}
}
