TN:
SF:src/components/ui/button.tsx
FN:14,(anonymous_0)
FNF:1
FNH:1
FNDA:16,(anonymous_0)
DA:14,1
DA:16,16
DA:17,16
DA:26,1
LF:4
LH:4
BRDA:15,0,0,16
BRDA:16,1,0,1
BRDA:16,1,1,15
BRF:3
BRH:3
end_of_record
TN:
SF:src/components/ui/button.variants.ts
FNF:0
FNH:0
DA:3,1
LF:1
LH:1
BRF:0
BRH:0
end_of_record
TN:
SF:src/lib/tailwindUtil.ts
FNF:0
FNH:0
DA:5,16
LF:1
LH:1
BRF:0
BRH:0
end_of_record
TN:
SF:src/services/partsManager.ts
FN:28,(anonymous_0)
FN:282,(anonymous_1)
FN:342,(anonymous_2)
FN:343,(anonymous_3)
FNF:4
FNH:3
FNDA:15,(anonymous_0)
FNDA:0,(anonymous_1)
FNDA:1,(anonymous_2)
FNDA:2,(anonymous_3)
DA:16,1
DA:17,1
DA:26,8
DA:27,8
DA:28,15
DA:31,1
DA:37,7
DA:39,1
DA:43,6
DA:44,6
DA:45,6
DA:48,6
DA:56,1
DA:62,5
DA:64,5
DA:79,1
DA:83,3
DA:85,1
DA:89,2
DA:90,4
DA:91,4
DA:94,4
DA:102,0
DA:108,2
DA:110,2
DA:123,5
DA:137,1
DA:140,4
DA:151,3
DA:158,3
DA:163,1
DA:168,1
DA:173,0
DA:176,0
DA:179,3
DA:182,0
DA:185,3
DA:194,0
DA:202,0
DA:205,0
DA:218,0
DA:226,0
DA:229,0
DA:237,2
DA:243,1
DA:254,4
DA:257,4
DA:262,2
DA:265,2
DA:266,2
DA:269,4
DA:282,0
DA:300,2
DA:303,2
DA:305,1
DA:309,2
DA:319,2
DA:332,3
DA:335,1
DA:342,2
DA:343,3
DA:345,3
DA:350,0
LF:63
LH:51
BRDA:89,0,0,2
BRDA:89,0,1,0
BRDA:131,1,0,5
BRDA:131,1,1,5
BRDA:149,2,0,3
BRDA:176,3,0,0
BRDA:176,3,1,0
BRDA:185,4,0,3
BRDA:185,4,1,0
BRDA:346,5,0,3
BRDA:346,5,1,1
BRDA:347,6,0,3
BRDA:347,6,1,1
BRDA:353,7,0,0
BRDA:353,7,1,0
BRF:15
BRH:9
end_of_record
TN:
SF:src/services/sceneSerializer.ts
FN:198,(anonymous_0)
FNF:1
FNH:0
FNDA:0,(anonymous_0)
DA:20,16
DA:23,1
DA:26,15
DA:27,15
DA:29,15
DA:32,15
DA:43,45
DA:47,3
DA:48,3
DA:52,42
DA:55,42
DA:58,42
DA:61,42
DA:64,42
DA:65,45
DA:66,45
DA:68,45
DA:79,31
DA:82,42
DA:84,42
DA:86,0
DA:90,15
DA:99,15
DA:100,15
DA:115,17
DA:118,1
DA:121,16
DA:123,16
DA:129,16
DA:137,16
DA:142,37
DA:148,36
DA:151,1
DA:153,1
DA:156,0
DA:157,0
DA:162,37
DA:168,0
DA:169,0
DA:172,35
DA:175,35
DA:176,35
DA:178,35
DA:181,35
DA:184,35
DA:185,37
DA:190,37
DA:192,2
DA:198,16
DA:199,0
DA:202,16
DA:203,16
DA:216,0
DA:220,42
DA:224,42
DA:227,42
LF:56
LH:49
BRDA:66,0,0,45
BRDA:66,0,1,11
BRDA:167,1,0,35
BRDA:167,1,1,35
BRDA:184,2,0,35
BRDA:184,2,1,0
BRDA:186,3,0,37
BRDA:186,3,1,1
BRDA:220,4,0,42
BRDA:220,4,1,0
BRDA:227,5,0,0
BRDA:227,5,1,42
BRF:12
BRH:9
end_of_record
